<?xml version="1.0" encoding="UTF-8"?>
<!-- Generated by org.testng.reporters.JUnitXMLReporter -->
<testsuite hostname="EPINHYDW1276" ignored="0" name="Default test" tests="2" failures="0" timestamp="02 May 2020 10:09:43 GMT" time="0.031" errors="0">
  <testcase name="MethodOverloadingTest" time="0.0" classname="oopsConcepts.Advance.Tests.PolymorphismTests"/>
  <testcase name="methodoverridingTest" time="0.015" classname="oopsConcepts.Advance.Tests.PolymorphismTests"/>
</testsuite> <!-- Default test -->
