<?xml version="1.0" encoding="UTF-8"?>
<testng-results skipped="0" failed="0" ignored="0" total="1" passed="1">
  <reporter-output>
  </reporter-output>
  <suite name="Default suite" duration-ms="38" started-at="2020-05-15T17:53:46Z" finished-at="2020-05-15T17:53:46Z">
    <groups>
    </groups>
    <test name="Default test" duration-ms="38" started-at="2020-05-15T17:53:46Z" finished-at="2020-05-15T17:53:46Z">
      <class name="collections.advanced.Tests.ArrayQueueTests">
        <test-method status="PASS" signature="booklistTest()[pri:0, instance:collections.advanced.Tests.ArrayQueueTests@544fe44c]" name="booklistTest" duration-ms="14" started-at="2020-05-15T17:53:46Z" finished-at="2020-05-15T17:53:46Z">
          <reporter-output>
          </reporter-output>
        </test-method> <!-- booklistTest -->
      </class> <!-- collections.advanced.Tests.ArrayQueueTests -->
    </test> <!-- Default test -->
  </suite> <!-- Default suite -->
</testng-results>
