<?xml version="1.0" encoding="UTF-8"?>
<testng-results skipped="0" failed="0" ignored="0" total="1" passed="1">
  <reporter-output>
  </reporter-output>
  <suite name="Default suite" duration-ms="36" started-at="2020-05-18T09:08:22Z" finished-at="2020-05-18T09:08:22Z">
    <groups>
    </groups>
    <test name="Default test" duration-ms="36" started-at="2020-05-18T09:08:22Z" finished-at="2020-05-18T09:08:22Z">
      <class name="collections.advanced.Tests.HashMapTests">
        <test-method status="PASS" signature="hashMapTest()[pri:0, instance:collections.advanced.Tests.HashMapTests@60c6f5b]" name="hashMapTest" duration-ms="12" started-at="2020-05-18T09:08:22Z" finished-at="2020-05-18T09:08:22Z">
          <reporter-output>
          </reporter-output>
        </test-method> <!-- hashMapTest -->
      </class> <!-- collections.advanced.Tests.HashMapTests -->
    </test> <!-- Default test -->
  </suite> <!-- Default suite -->
</testng-results>
